2015/06/30 19:31:15 [error] [exception.CHttpException.404] exception 'CHttpException' with message 'Unable to resolve the request "tCondominio".' in C:\xampp\htdocs\condoEasy\protected\vendors\framework\web\CWebApplication.php:286
Stack trace:
#0 C:\xampp\htdocs\condoEasy\protected\vendors\framework\web\CWebApplication.php(141): CWebApplication->runController('tCondominio')
#1 C:\xampp\htdocs\condoEasy\protected\vendors\framework\base\CApplication.php(184): CWebApplication->processRequest()
#2 C:\xampp\htdocs\condoEasy\index.php(13): CApplication->run()
#3 {main}
REQUEST_URI=/condoEasy/index.php?r=tCondominio
---
2015/07/01 18:25:34 [error] [exception.CException] exception 'CException' with message 'Alias "bootstrap.components.Bootstrap" is invalid. Make sure it points to an existing PHP file and the file is readable.' in C:\xampp\htdocs\condoEasy\protected\vendors\framework\YiiBase.php:323
Stack trace:
#0 C:\xampp\htdocs\condoEasy\protected\vendors\framework\YiiBase.php(196): YiiBase::import('bootstrap.compo...', true)
#1 C:\xampp\htdocs\condoEasy\protected\vendors\framework\base\CModule.php(393): YiiBase::createComponent(Array)
#2 C:\xampp\htdocs\condoEasy\protected\vendors\framework\base\CModule.php(103): CModule->getComponent('bootstrap')
#3 C:\xampp\htdocs\condoEasy\protected\views\layouts\main.php(8): CModule->__get('bootstrap')
#4 C:\xampp\htdocs\condoEasy\protected\vendors\framework\web\CBaseController.php(126): require('C:\\xampp\\htdocs...')
#5 C:\xampp\htdocs\condoEasy\protected\vendors\framework\web\CBaseController.php(95): CBaseController->renderInternal('C:\\xampp\\htdocs...', Array, true)
#6 C:\xampp\htdocs\condoEasy\protected\vendors\framework\web\widgets\CContentDecorator.php(76): CBaseController->renderFile('C:\\xampp\\htdocs...', Array, true)
#7 C:\xampp\htdocs\condoEasy\protected\vendors\framework\web\widgets\CContentDecorator.php(54): CContentDecorator->decorate('<div id="conten...')
#8 C:\xampp\htdocs\condoEasy\protected\vendors\framework\web\widgets\COutputProcessor.php(44): CContentDecorator->processOutput('<div id="conten...')
#9 C:\xampp\htdocs\condoEasy\protected\vendors\framework\web\CBaseController.php(214): COutputProcessor->run()
#10 C:\xampp\htdocs\condoEasy\protected\vendors\framework\web\CBaseController.php(308): CBaseController->endWidget('CContentDecorat...')
#11 C:\xampp\htdocs\condoEasy\protected\views\layouts\column1.php(6): CBaseController->endContent()
#12 C:\xampp\htdocs\condoEasy\protected\vendors\framework\web\CBaseController.php(126): require('C:\\xampp\\htdocs...')
#13 C:\xampp\htdocs\condoEasy\protected\vendors\framework\web\CBaseController.php(95): CBaseController->renderInternal('C:\\xampp\\htdocs...', Array, true)
#14 C:\xampp\htdocs\condoEasy\protected\vendors\framework\web\CController.php(784): CBaseController->renderFile('C:\\xampp\\htdocs...', Array, true)
#15 C:\xampp\htdocs\condoEasy\protected\controllers\SiteController.php(32): CController->render('index')
#16 C:\xampp\htdocs\condoEasy\protected\vendors\framework\web\actions\CInlineAction.php(49): SiteController->actionIndex()
#17 C:\xampp\htdocs\condoEasy\protected\vendors\framework\web\CController.php(308): CInlineAction->runWithParams(Array)
#18 C:\xampp\htdocs\condoEasy\protected\vendors\framework\web\CController.php(286): CController->runAction(Object(CInlineAction))
#19 C:\xampp\htdocs\condoEasy\protected\vendors\framework\web\CController.php(265): CController->runActionWithFilters(Object(CInlineAction), Array)
#20 C:\xampp\htdocs\condoEasy\protected\vendors\framework\web\CWebApplication.php(282): CController->run('index')
#21 C:\xampp\htdocs\condoEasy\protected\vendors\framework\web\CWebApplication.php(141): CWebApplication->runController('site/index')
#22 C:\xampp\htdocs\condoEasy\protected\vendors\framework\base\CApplication.php(184): CWebApplication->processRequest()
#23 C:\xampp\htdocs\condoEasy\index.php(13): CApplication->run()
#24 {main}
REQUEST_URI=/condoEasy/index.php?r=site/index
HTTP_REFERER=http://localhost/condoEasy/index.php?r=site/login
---
2015/07/01 18:30:13 [error] [exception.CException] exception 'CException' with message 'Alias "bootstrap.components.Bootstrap" is invalid. Make sure it points to an existing PHP file and the file is readable.' in C:\xampp\htdocs\condoEasy\protected\vendors\framework\YiiBase.php:323
Stack trace:
#0 C:\xampp\htdocs\condoEasy\protected\vendors\framework\YiiBase.php(196): YiiBase::import('bootstrap.compo...', true)
#1 C:\xampp\htdocs\condoEasy\protected\vendors\framework\base\CModule.php(393): YiiBase::createComponent(Array)
#2 C:\xampp\htdocs\condoEasy\protected\vendors\framework\base\CModule.php(103): CModule->getComponent('bootstrap')
#3 C:\xampp\htdocs\condoEasy\protected\views\layouts\main.php(8): CModule->__get('bootstrap')
#4 C:\xampp\htdocs\condoEasy\protected\vendors\framework\web\CBaseController.php(126): require('C:\\xampp\\htdocs...')
#5 C:\xampp\htdocs\condoEasy\protected\vendors\framework\web\CBaseController.php(95): CBaseController->renderInternal('C:\\xampp\\htdocs...', Array, true)
#6 C:\xampp\htdocs\condoEasy\protected\vendors\framework\web\widgets\CContentDecorator.php(76): CBaseController->renderFile('C:\\xampp\\htdocs...', Array, true)
#7 C:\xampp\htdocs\condoEasy\protected\vendors\framework\web\widgets\CContentDecorator.php(54): CContentDecorator->decorate('<div id="conten...')
#8 C:\xampp\htdocs\condoEasy\protected\vendors\framework\web\widgets\COutputProcessor.php(44): CContentDecorator->processOutput('<div id="conten...')
#9 C:\xampp\htdocs\condoEasy\protected\vendors\framework\web\CBaseController.php(214): COutputProcessor->run()
#10 C:\xampp\htdocs\condoEasy\protected\vendors\framework\web\CBaseController.php(308): CBaseController->endWidget('CContentDecorat...')
#11 C:\xampp\htdocs\condoEasy\protected\views\layouts\column1.php(6): CBaseController->endContent()
#12 C:\xampp\htdocs\condoEasy\protected\vendors\framework\web\CBaseController.php(126): require('C:\\xampp\\htdocs...')
#13 C:\xampp\htdocs\condoEasy\protected\vendors\framework\web\CBaseController.php(95): CBaseController->renderInternal('C:\\xampp\\htdocs...', Array, true)
#14 C:\xampp\htdocs\condoEasy\protected\vendors\framework\web\CController.php(784): CBaseController->renderFile('C:\\xampp\\htdocs...', Array, true)
#15 C:\xampp\htdocs\condoEasy\protected\controllers\SiteController.php(32): CController->render('index')
#16 C:\xampp\htdocs\condoEasy\protected\vendors\framework\web\actions\CInlineAction.php(49): SiteController->actionIndex()
#17 C:\xampp\htdocs\condoEasy\protected\vendors\framework\web\CController.php(308): CInlineAction->runWithParams(Array)
#18 C:\xampp\htdocs\condoEasy\protected\vendors\framework\web\CController.php(286): CController->runAction(Object(CInlineAction))
#19 C:\xampp\htdocs\condoEasy\protected\vendors\framework\web\CController.php(265): CController->runActionWithFilters(Object(CInlineAction), Array)
#20 C:\xampp\htdocs\condoEasy\protected\vendors\framework\web\CWebApplication.php(282): CController->run('')
#21 C:\xampp\htdocs\condoEasy\protected\vendors\framework\web\CWebApplication.php(141): CWebApplication->runController('')
#22 C:\xampp\htdocs\condoEasy\protected\vendors\framework\base\CApplication.php(184): CWebApplication->processRequest()
#23 C:\xampp\htdocs\condoEasy\index.php(13): CApplication->run()
#24 {main}
REQUEST_URI=/condoEasy/
---
2015/07/01 18:34:44 [error] [exception.CException] exception 'CException' with message 'Alias "bootstrap.components.Bootstrap" is invalid. Make sure it points to an existing PHP file and the file is readable.' in C:\xampp\htdocs\condoEasy\protected\vendors\framework\YiiBase.php:323
Stack trace:
#0 C:\xampp\htdocs\condoEasy\protected\vendors\framework\YiiBase.php(196): YiiBase::import('bootstrap.compo...', true)
#1 C:\xampp\htdocs\condoEasy\protected\vendors\framework\base\CModule.php(393): YiiBase::createComponent(Array)
#2 C:\xampp\htdocs\condoEasy\protected\vendors\framework\base\CModule.php(103): CModule->getComponent('bootstrap')
#3 C:\xampp\htdocs\condoEasy\protected\views\layouts\main.php(9): CModule->__get('bootstrap')
#4 C:\xampp\htdocs\condoEasy\protected\vendors\framework\web\CBaseController.php(126): require('C:\\xampp\\htdocs...')
#5 C:\xampp\htdocs\condoEasy\protected\vendors\framework\web\CBaseController.php(95): CBaseController->renderInternal('C:\\xampp\\htdocs...', Array, true)
#6 C:\xampp\htdocs\condoEasy\protected\vendors\framework\web\widgets\CContentDecorator.php(76): CBaseController->renderFile('C:\\xampp\\htdocs...', Array, true)
#7 C:\xampp\htdocs\condoEasy\protected\vendors\framework\web\widgets\CContentDecorator.php(54): CContentDecorator->decorate('<div id="conten...')
#8 C:\xampp\htdocs\condoEasy\protected\vendors\framework\web\widgets\COutputProcessor.php(44): CContentDecorator->processOutput('<div id="conten...')
#9 C:\xampp\htdocs\condoEasy\protected\vendors\framework\web\CBaseController.php(214): COutputProcessor->run()
#10 C:\xampp\htdocs\condoEasy\protected\vendors\framework\web\CBaseController.php(308): CBaseController->endWidget('CContentDecorat...')
#11 C:\xampp\htdocs\condoEasy\protected\views\layouts\column1.php(6): CBaseController->endContent()
#12 C:\xampp\htdocs\condoEasy\protected\vendors\framework\web\CBaseController.php(126): require('C:\\xampp\\htdocs...')
#13 C:\xampp\htdocs\condoEasy\protected\vendors\framework\web\CBaseController.php(95): CBaseController->renderInternal('C:\\xampp\\htdocs...', Array, true)
#14 C:\xampp\htdocs\condoEasy\protected\vendors\framework\web\CController.php(784): CBaseController->renderFile('C:\\xampp\\htdocs...', Array, true)
#15 C:\xampp\htdocs\condoEasy\protected\controllers\SiteController.php(32): CController->render('index')
#16 C:\xampp\htdocs\condoEasy\protected\vendors\framework\web\actions\CInlineAction.php(49): SiteController->actionIndex()
#17 C:\xampp\htdocs\condoEasy\protected\vendors\framework\web\CController.php(308): CInlineAction->runWithParams(Array)
#18 C:\xampp\htdocs\condoEasy\protected\vendors\framework\web\CController.php(286): CController->runAction(Object(CInlineAction))
#19 C:\xampp\htdocs\condoEasy\protected\vendors\framework\web\CController.php(265): CController->runActionWithFilters(Object(CInlineAction), Array)
#20 C:\xampp\htdocs\condoEasy\protected\vendors\framework\web\CWebApplication.php(282): CController->run('')
#21 C:\xampp\htdocs\condoEasy\protected\vendors\framework\web\CWebApplication.php(141): CWebApplication->runController('')
#22 C:\xampp\htdocs\condoEasy\protected\vendors\framework\base\CApplication.php(184): CWebApplication->processRequest()
#23 C:\xampp\htdocs\condoEasy\index.php(13): CApplication->run()
#24 {main}
REQUEST_URI=/condoEasy/
---
